<?xml version="1.0" encoding="UTF-8"?>
<!-- Generated by org.testng.reporters.JUnitXMLReporter -->
<testsuite ignored="0" hostname="DESKTOP-QKCBHM1" failures="0" tests="4" name="Default test" time="33.954" errors="0" timestamp="2022-04-02T01:32:51 EET">
  <testcase classname="tests.GeneralTests" name="InvokeBrowser" time="1.849"/>
  <testcase classname="tests.GeneralTests" name="Test1" time="17.369"/>
  <testcase classname="tests.GeneralTests" name="Test2" time="11.699"/>
  <testcase classname="tests.GeneralTests" name="Test3" time="1.593"/>
</testsuite> <!-- Default test -->
