<?xml version="1.0" encoding="UTF-8"?>
<testng-results ignored="0" total="4" passed="4" failed="0" skipped="0">
  <reporter-output>
  </reporter-output>
  <suite started-at="2022-04-02T01:32:18 EET" name="Default suite" finished-at="2022-04-02T01:32:51 EET" duration-ms="33954">
    <groups>
    </groups>
    <test started-at="2022-04-02T01:32:18 EET" name="Default test" finished-at="2022-04-02T01:32:51 EET" duration-ms="33954">
      <class name="tests.GeneralTests">
        <test-method is-config="true" signature="SetupEnv()[pri:0, instance:tests.GeneralTests@55b7a4e0]" started-at="2022-04-02T01:32:18 EET" name="SetupEnv" finished-at="2022-04-02T01:32:19 EET" duration-ms="1264" status="PASS">
          <reporter-output>
          </reporter-output>
        </test-method> <!-- SetupEnv -->
        <test-method signature="InvokeBrowser()[pri:0, instance:tests.GeneralTests@55b7a4e0]" started-at="2022-04-02T01:32:19 EET" name="InvokeBrowser" finished-at="2022-04-02T01:32:21 EET" duration-ms="1849" status="PASS">
          <reporter-output>
          </reporter-output>
        </test-method> <!-- InvokeBrowser -->
        <test-method signature="Test1()[pri:1, instance:tests.GeneralTests@55b7a4e0]" started-at="2022-04-02T01:32:21 EET" name="Test1" finished-at="2022-04-02T01:32:38 EET" duration-ms="17369" status="PASS">
          <reporter-output>
          </reporter-output>
        </test-method> <!-- Test1 -->
        <test-method signature="Test2()[pri:2, instance:tests.GeneralTests@55b7a4e0]" started-at="2022-04-02T01:32:38 EET" name="Test2" finished-at="2022-04-02T01:32:50 EET" duration-ms="11699" status="PASS">
          <reporter-output>
          </reporter-output>
        </test-method> <!-- Test2 -->
        <test-method signature="Test3()[pri:3, instance:tests.GeneralTests@55b7a4e0]" started-at="2022-04-02T01:32:50 EET" name="Test3" finished-at="2022-04-02T01:32:51 EET" duration-ms="1593" status="PASS">
          <reporter-output>
          </reporter-output>
        </test-method> <!-- Test3 -->
        <test-method is-config="true" signature="TestEnd()[pri:0, instance:tests.GeneralTests@55b7a4e0]" started-at="2022-04-02T01:32:51 EET" name="TestEnd" finished-at="2022-04-02T01:32:51 EET" duration-ms="158" status="PASS">
          <reporter-output>
          </reporter-output>
        </test-method> <!-- TestEnd -->
      </class> <!-- tests.GeneralTests -->
    </test> <!-- Default test -->
  </suite> <!-- Default suite -->
</testng-results>
